<?xml version="1.0" encoding="UTF-8"?>
<!-- Generated by org.testng.reporters.JUnitReportReporter -->
<testsuite skipped="0" hostname="DESKTOP-GU56F5N" name="com.qa.testcases.HomePageTest" tests="2" failures="0" timestamp="11 Sep 2019 14:40:16 GMT" time="11.545" errors="0">
  <testcase name="flightDetails" time="9.473" classname="com.qa.testcases.HomePageTest"/>
  <testcase name="verifySearch" time="2.072" classname="com.qa.testcases.HomePageTest"/>
</testsuite> <!-- com.qa.testcases.HomePageTest -->
