<?xml version="1.0" encoding="UTF-8"?>
<!-- Generated by org.testng.reporters.JUnitReportReporter -->
<testsuite skipped="0" hostname="DESKTOP-GU56F5N" name="com.goibibo.testcases.HomePageTest" tests="1" failures="0" timestamp="23 Sep 2019 18:02:29 GMT" time="14.018" errors="0">
  <testcase name="flightDetails" time="14.018" classname="com.goibibo.testcases.HomePageTest"/>
</testsuite> <!-- com.goibibo.testcases.HomePageTest -->
