<?xml version="1.0" encoding="UTF-8"?>
<!-- Generated by org.testng.reporters.JUnitReportReporter -->
<testsuite skipped="0" hostname="DESKTOP-GU56F5N" name="com.goibibo.testcases.SearchPageTest" tests="2" failures="0" timestamp="23 Sep 2019 18:02:30 GMT" time="4.621" errors="0">
  <testcase name="searchandBookFlight" time="2.709" classname="com.goibibo.testcases.SearchPageTest"/>
  <testcase name="verify" time="1.912" classname="com.goibibo.testcases.SearchPageTest"/>
</testsuite> <!-- com.goibibo.testcases.SearchPageTest -->
